2020-09-09 22:09:401 INFO  LandingPageObject:29 - Enter username Admin
2020-09-09 22:09:527 INFO  LandingPageObject:34 - Enter password u3xrg
2020-09-09 22:09:642 INFO  LandingPageObject:39 - Clicked SignIn Btn
2020-09-09 22:09:782 INFO  LandingPageObject:29 - Enter username Admin
2020-09-09 22:09:889 INFO  LandingPageObject:34 - Enter password admin123
2020-09-09 22:09:766 INFO  LandingPageObject:39 - Clicked SignIn Btn
2020-09-09 22:09:159 INFO  LandingPageObject:29 - Enter username Admin
2020-09-09 22:09:259 INFO  LandingPageObject:34 - Enter password admin123
2020-09-09 22:09:294 INFO  LandingPageObject:39 - Clicked SignIn Btn
2020-09-09 22:09:411 INFO  TabsObject:30 - Clicked Leave Tab
2020-09-09 22:09:54 INFO  TabsObject:39 - Clicked My Leave Tab
2020-09-09 22:09:251 INFO  MyLeavePageObject:43 - All Checkboxes Selected
2020-09-09 22:09:788 INFO  LandingPageObject:29 - Enter username Admin
2020-09-09 22:09:950 INFO  LandingPageObject:34 - Enter password admin123
2020-09-09 22:09:278 INFO  LandingPageObject:39 - Clicked SignIn Btn
2020-09-09 22:09:97 INFO  TabsObject:30 - Clicked Leave Tab
2020-09-09 22:09:591 INFO  TabsObject:39 - Clicked My Leave Tab
2020-09-09 22:09:729 INFO  MyLeavePageObject:77 - Searched And Found: Vacation US
2020-09-09 22:09:906 INFO  Utilities:29 - Selected Cancel
2020-09-09 22:09:819 INFO  LandingPageObject:29 - Enter username Admin
2020-09-09 22:09:914 INFO  LandingPageObject:34 - Enter password admin123
2020-09-09 22:09:361 INFO  LandingPageObject:39 - Clicked SignIn Btn
2020-09-09 22:09:432 INFO  TabsObject:30 - Clicked Leave Tab
2020-09-09 22:09:133 INFO  TabsObject:34 - Clicked SubLeave Tab
2020-09-09 22:09:263 INFO  Utilities:29 - Selected Vacation US
2020-09-09 22:09:264 INFO  ApplyPageObject:43 - Selected LeaveType Vacation US
2020-09-09 22:09:426 INFO  ApplyPageObject:60 - Clicked From Date Control
2020-09-09 22:09:686 INFO  Utilities:29 - Selected Nov
2020-09-09 22:09:858 INFO  Utilities:29 - Selected 2020
2020-09-09 22:09:266 INFO  ApplyPageObject:34 - Selected 20
2020-09-09 22:09:636 INFO  ApplyPageObject:65 - Clicked To Date Control
2020-09-09 22:09:802 INFO  Utilities:29 - Selected Jan
2020-09-09 22:09:966 INFO  Utilities:29 - Selected 2021
2020-09-09 22:09:125 INFO  ApplyPageObject:34 - Selected 9
2020-09-09 22:09:378 INFO  ApplyPageObject:34 - Selected 9
2020-09-09 22:09:992 INFO  LandingPageObject:29 - Enter username Admin
2020-09-09 22:09:83 INFO  LandingPageObject:34 - Enter password admin123
2020-09-09 22:09:366 INFO  LandingPageObject:39 - Clicked SignIn Btn
2020-09-09 22:09:196 INFO  TabsObject:24 - Clicked Admin Tab
2020-09-09 22:09:304 INFO  UserManagementPageObject:57 - Entered steven.edwards
2020-09-09 22:09:787 INFO  UserManagementPageObject:62 - Clicked search Btn
2020-09-09 22:09:877 INFO  UserManagementPageObject:101 - search And Found steven.edwards
2020-09-09 22:09:955 INFO  UserManagementPageObject:51 - Clicked checkbox
2020-09-09 22:09:961 INFO  Utilities:41 - Wait for Next Action
2020-09-09 22:09:67 INFO  UserManagementPageObject:72 - Clicked Delete Btn
2020-09-09 22:09:71 INFO  Utilities:41 - Wait for Next Action
2020-09-09 22:09:111 INFO  Utilities:71 - Accept Alert
2020-09-09 22:09:113 INFO  UserManagementPageObject:36 - Searched and Deleted steven.edwards
2020-09-09 22:09:95 INFO  LandingPageObject:29 - Enter username Admin
2020-09-09 22:09:200 INFO  LandingPageObject:34 - Enter password admin123
2020-09-09 22:09:537 INFO  LandingPageObject:39 - Clicked SignIn Btn
2020-09-09 22:09:722 INFO  TabsObject:24 - Clicked Admin Tab
2020-09-09 22:09:259 INFO  UserManagementPageObject:67 - Clicked Add Btn
2020-09-09 22:09:354 INFO  Utilities:23 - Selected 1
2020-09-09 22:09:392 INFO  AddUserPageObject:39 - Selected Status 1
2020-09-09 22:09:529 INFO  AddUserPageObject:29 - Enter Employee Name Robert Craig
2020-09-09 22:09:643 INFO  AddUserPageObject:34 - Enter Username SoooG
2020-09-09 22:09:819 INFO  Utilities:23 - Selected 0
2020-09-09 22:09:832 INFO  AddUserPageObject:39 - Selected Status 0
2020-09-09 22:09:14 INFO  AddUserPageObject:44 - Enter Passwordselenium
2020-09-09 22:09:119 INFO  AddUserPageObject:49 - Confirm selenium
2020-09-09 22:09:208 INFO  AddUserPageObject:54 - Clicked Save Btn
2020-09-09 22:09:303 INFO  TabsObject:24 - Clicked Admin Tab
2020-09-09 22:09:306 INFO  Utilities:41 - Wait for Next Action
2020-09-09 22:09:612 INFO  UserManagementPageObject:101 - search And Found SoooG ESS Robert Craig Disabled
